
> rest-express@1.0.0 start
> NODE_ENV=production node dist/index.js

9:10:18 PM [express] serving on port 3000
9:10:18 PM [express] GET /api/weekly-emotion-data 304 in 15ms :: {"data":[2.5,3,4,5,4,3,4],"labels":…
9:10:18 PM [express] GET /api/sensory-expansion-data 304 in 0ms :: {"data":[2.2,2.8,3.6,4.5,4.1,3.3,…
9:10:18 PM [express] GET /api/emotion-stats 304 in 0ms :: {"averageEmotion":3.6,"totalEntries":10,"w…
9:10:18 PM [express] GET /api/emotion-patterns 304 in 1ms :: [{"text":"Mornings show 15% higher emot…
9:10:18 PM [express] GET /api/routine-execution-data 304 in 0ms :: {"redButtonExecutions":{"totalCli…
9:10:18 PM [express] GET /api/self-acceptance-data 304 in 1ms :: {"weeklyData":[2.8,3.2,3.8,4.2,4,3.…
Decline Detection Debug: {
  weeklyDrop: 0,
  twoWeekDrop: 0,
  volatility: 2,
  recent14DaysChange: 1,
  absChange: 1
}
9:10:18 PM [express] GET /api/recovery-tendency 200 in 1ms :: {"grade":"A","gradeText":"회복 진행","colo…
9:10:18 PM [express] GET /api/body-mapping-insights 304 in 0ms :: {"head":3,"chest":5,"shoulders":2,…
Decline Detection Debug: {
  weeklyDrop: 0,
  twoWeekDrop: 0,
  volatility: 2,
  recent14DaysChange: 1,
  absChange: 1
}
9:10:21 PM [express] GET /api/recovery-tendency 200 in 1ms :: {"grade":"A","gradeText":"회복 진행","colo…
Decline Detection Debug: {
  weeklyDrop: 0,
  twoWeekDrop: 0,
  volatility: 2,
  recent14DaysChange: 1,
  absChange: 1
}
9:10:36 PM [express] GET /api/recovery-tendency 200 in 1ms :: {"grade":"A","gradeText":"회복 진행","colo…
9:11:50 PM [express] GET /api/weekly-emotion-data 304 in 1ms :: {"data":[2.5,3,4,5,4,3,4],"labels":[…
9:11:50 PM [express] GET /api/self-acceptance-data 304 in 0ms :: {"weeklyData":[2.8,3.2,3.8,4.2,4,3.…
9:11:50 PM [express] GET /api/sensory-expansion-data 304 in 1ms :: {"data":[2.2,2.8,3.6,4.5,4.1,3.3,…
9:11:50 PM [express] GET /api/emotion-stats 304 in 1ms :: {"averageEmotion":3.6,"totalEntries":10,"w…
Decline Detection Debug: {
  weeklyDrop: 0,
  twoWeekDrop: 0,
  volatility: 2,
  recent14DaysChange: 1,
  absChange: 1
}
9:11:50 PM [express] GET /api/recovery-tendency 304 in 2ms :: {"grade":"A","gradeText":"회복 진행","colo…
9:11:50 PM [express] GET /api/body-mapping-insights 304 in 1ms :: {"head":3,"chest":5,"shoulders":2,…
9:11:50 PM [express] GET /api/emotion-patterns 304 in 2ms :: [{"text":"Mornings show 15% higher emot…
9:11:50 PM [express] GET /api/routine-execution-data 304 in 1ms :: {"redButtonExecutions":{"totalCli…
9:20:19 PM [express] GET /api/journal-entries 304 in 4ms :: []
9:20:19 PM [express] GET /api/daily-reflections/today 200 in 0ms
9:20:35 PM [express] GET /api/weekly-emotion-data 304 in 0ms :: {"data":[2.5,3,4,5,4,3,4],"labels":[…
9:20:35 PM [express] GET /api/sensory-expansion-data 304 in 1ms :: {"data":[2.2,2.8,3.6,4.5,4.1,3.3,…
Decline Detection Debug: {
  weeklyDrop: 0,
  twoWeekDrop: 0,
  volatility: 2,
  recent14DaysChange: 1,
  absChange: 1
}
9:20:35 PM [express] GET /api/recovery-tendency 304 in 0ms :: {"grade":"A","gradeText":"회복 진행","colo…
9:20:35 PM [express] GET /api/emotion-stats 304 in 0ms :: {"averageEmotion":3.6,"totalEntries":10,"w…
9:20:35 PM [express] GET /api/body-mapping-insights 304 in 0ms :: {"head":3,"chest":5,"shoulders":2,…
9:20:35 PM [express] GET /api/emotion-patterns 304 in 1ms :: [{"text":"Mornings show 15% higher emot…
9:20:35 PM [express] GET /api/routine-execution-data 304 in 1ms :: {"redButtonExecutions":{"totalCli…
9:20:35 PM [express] GET /api/self-acceptance-data 304 in 0ms :: {"weeklyData":[2.8,3.2,3.8,4.2,4,3.…
9:20:36 PM [express] GET /api/weekly-emotion-data 304 in 0ms :: {"data":[2.5,3,4,5,4,3,4],"labels":[…
9:20:36 PM [express] GET /api/self-acceptance-data 304 in 1ms :: {"weeklyData":[2.8,3.2,3.8,4.2,4,3.…
9:20:36 PM [express] GET /api/sensory-expansion-data 304 in 0ms :: {"data":[2.2,2.8,3.6,4.5,4.1,3.3,…
9:20:36 PM [express] GET /api/emotion-stats 304 in 0ms :: {"averageEmotion":3.6,"totalEntries":10,"w…
9:20:36 PM [express] GET /api/body-mapping-insights 304 in 0ms :: {"head":3,"chest":5,"shoulders":2,…
9:20:36 PM [express] GET /api/emotion-patterns 304 in 0ms :: [{"text":"Mornings show 15% higher emot…
9:20:36 PM [express] GET /api/routine-execution-data 304 in 1ms :: {"redButtonExecutions":{"totalCli…
Decline Detection Debug: {
  weeklyDrop: 0,
  twoWeekDrop: 0,
  volatility: 2,
  recent14DaysChange: 1,
  absChange: 1
}
9:20:36 PM [express] GET /api/recovery-tendency 304 in 0ms :: {"grade":"A","gradeText":"회복 진행","colo…
9:20:37 PM [express] GET /api/weekly-emotion-data 304 in 0ms :: {"data":[2.5,3,4,5,4,3,4],"labels":[…
9:20:37 PM [express] GET /api/self-acceptance-data 304 in 0ms :: {"weeklyData":[2.8,3.2,3.8,4.2,4,3.…
9:20:37 PM [express] GET /api/sensory-expansion-data 304 in 0ms :: {"data":[2.2,2.8,3.6,4.5,4.1,3.3,…
9:20:37 PM [express] GET /api/emotion-stats 304 in 1ms :: {"averageEmotion":3.6,"totalEntries":10,"w…
9:20:37 PM [express] GET /api/body-mapping-insights 304 in 0ms :: {"head":3,"chest":5,"shoulders":2,…
9:20:37 PM [express] GET /api/emotion-patterns 304 in 0ms :: [{"text":"Mornings show 15% higher emot…
9:20:37 PM [express] GET /api/routine-execution-data 304 in 0ms :: {"redButtonExecutions":{"totalCli…
Decline Detection Debug: {
  weeklyDrop: 0,
  twoWeekDrop: 0,
  volatility: 2,
  recent14DaysChange: 1,
  absChange: 1
}
9:20:37 PM [express] GET /api/recovery-tendency 304 in 1ms :: {"grade":"A","gradeText":"회복 진행","colo…
9:23:30 PM [express] GET /api/weekly-emotion-data 304 in 0ms :: {"data":[2.5,3,4,5,4,3,4],"labels":[…
9:23:30 PM [express] GET /api/sensory-expansion-data 304 in 0ms :: {"data":[2.2,2.8,3.6,4.5,4.1,3.3,…
9:23:30 PM [express] GET /api/emotion-stats 304 in 0ms :: {"averageEmotion":3.6,"totalEntries":10,"w…
9:23:30 PM [express] GET /api/body-mapping-insights 304 in 0ms :: {"head":3,"chest":5,"shoulders":2,…
9:23:30 PM [express] GET /api/emotion-patterns 304 in 0ms :: [{"text":"Mornings show 15% higher emot…
9:23:30 PM [express] GET /api/routine-execution-data 304 in 0ms :: {"redButtonExecutions":{"totalCli…
9:23:30 PM [express] GET /api/self-acceptance-data 304 in 1ms :: {"weeklyData":[2.8,3.2,3.8,4.2,4,3.…
Decline Detection Debug: {
  weeklyDrop: 0,
  twoWeekDrop: 0,
  volatility: 2,
  recent14DaysChange: 1,
  absChange: 1
}
9:23:30 PM [express] GET /api/recovery-tendency 304 in 1ms :: {"grade":"A","gradeText":"회복 진행","colo…
9:25:04 PM [express] GET /api/weekly-emotion-data 304 in 1ms :: {"data":[2.5,3,4,5,4,3,4],"labels":[…
9:25:04 PM [express] GET /api/sensory-expansion-data 304 in 0ms :: {"data":[2.2,2.8,3.6,4.5,4.1,3.3,…
9:25:04 PM [express] GET /api/emotion-stats 304 in 1ms :: {"averageEmotion":3.6,"totalEntries":10,"w…
9:25:04 PM [express] GET /api/body-mapping-insights 304 in 1ms :: {"head":3,"chest":5,"shoulders":2,…
9:25:04 PM [express] GET /api/emotion-patterns 304 in 0ms :: [{"text":"Mornings show 15% higher emot…
9:25:04 PM [express] GET /api/routine-execution-data 304 in 0ms :: {"redButtonExecutions":{"totalCli…
9:25:04 PM [express] GET /api/self-acceptance-data 304 in 0ms :: {"weeklyData":[2.8,3.2,3.8,4.2,4,3.…
Decline Detection Debug: {
  weeklyDrop: 0,
  twoWeekDrop: 0,
  volatility: 2,
  recent14DaysChange: 1,
  absChange: 1
}
9:25:04 PM [express] GET /api/recovery-tendency 304 in 0ms :: {"grade":"A","gradeText":"회복 진행","colo…
9:27:06 PM [express] GET /api/sensory-expansion-data 304 in 1ms :: {"data":[2.2,2.8,3.6,4.5,4.1,3.3,…
9:27:06 PM [express] GET /api/weekly-emotion-data 304 in 1ms :: {"data":[2.5,3,4,5,4,3,4],"labels":[…
9:27:06 PM [express] GET /api/emotion-stats 304 in 0ms :: {"averageEmotion":3.6,"totalEntries":10,"w…
9:27:06 PM [express] GET /api/body-mapping-insights 304 in 1ms :: {"head":3,"chest":5,"shoulders":2,…
9:27:06 PM [express] GET /api/routine-execution-data 304 in 0ms :: {"redButtonExecutions":{"totalCli…
9:27:06 PM [express] GET /api/self-acceptance-data 304 in 0ms :: {"weeklyData":[2.8,3.2,3.8,4.2,4,3.…
Decline Detection Debug: {
  weeklyDrop: 0,
  twoWeekDrop: 0,
  volatility: 2,
  recent14DaysChange: 1,
  absChange: 1
}
9:27:06 PM [express] GET /api/recovery-tendency 304 in 1ms :: {"grade":"A","gradeText":"회복 진행","colo…
9:27:06 PM [express] GET /api/emotion-patterns 304 in 1ms :: [{"text":"Mornings show 15% higher emot…
9:28:15 PM [express] GET /api/weekly-emotion-data 304 in 0ms :: {"data":[2.5,3,4,5,4,3,4],"labels":[…
9:28:15 PM [express] GET /api/sensory-expansion-data 304 in 1ms :: {"data":[2.2,2.8,3.6,4.5,4.1,3.3,…
9:28:15 PM [express] GET /api/emotion-stats 304 in 0ms :: {"averageEmotion":3.6,"totalEntries":10,"w…
9:28:15 PM [express] GET /api/emotion-patterns 304 in 0ms :: [{"text":"Mornings show 15% higher emot…
9:28:15 PM [express] GET /api/routine-execution-data 304 in 0ms :: {"redButtonExecutions":{"totalCli…
Decline Detection Debug: {
  weeklyDrop: 0,
  twoWeekDrop: 0,
  volatility: 2,
  recent14DaysChange: 1,
  absChange: 1
}
9:28:15 PM [express] GET /api/recovery-tendency 304 in 0ms :: {"grade":"A","gradeText":"회복 진행","colo…
9:28:16 PM [express] GET /api/body-mapping-insights 304 in 1ms :: {"head":3,"chest":5,"shoulders":2,…
9:28:16 PM [express] GET /api/self-acceptance-data 304 in 1ms :: {"weeklyData":[2.8,3.2,3.8,4.2,4,3.…
